04/03/2023 06:33:12 PM: INFO: -----> Execution of TC
04/03/2023 06:33:13 PM: INFO: **************************** Test_001_Login ****************************
04/03/2023 06:33:13 PM: INFO: **************************** Verifying Home Page Title ****************************
04/03/2023 06:33:15 PM: INFO: **************************** Verifying Home Page Title: Passed ****************************
04/03/2023 06:33:16 PM: INFO: **************************** Test_001_Login ****************************
04/03/2023 06:33:16 PM: INFO: **************************** Verifying Login Home Page ****************************
04/03/2023 06:33:20 PM: INFO: **************************** Verifying Login Home Page: Passed ****************************
04/03/2023 06:38:04 PM: INFO: -----> Execution of TC
04/03/2023 06:38:05 PM: INFO: ************************ Test_001_Login ************************
04/03/2023 06:38:05 PM: INFO: ************************ Verifying Home Page Title ************************
04/03/2023 06:38:06 PM: INFO: ************************ Verifying Home Page Title: Passed ************************
04/03/2023 06:38:07 PM: INFO: ************************ Test_001_Login ************************
04/03/2023 06:38:07 PM: INFO: ************************ Verifying Login Home Page ************************
04/03/2023 06:38:12 PM: INFO: ************************ Verifying Login Home Page: Passed ************************
04/03/2023 07:13:23 PM: INFO: -----> Execution of TC
04/03/2023 07:13:24 PM: INFO: ************************ Test_001_Login ************************
04/03/2023 07:13:24 PM: INFO: ************************ Verifying Home Page Title ************************
04/03/2023 07:13:26 PM: INFO: ************************ Verifying Home Page Title: Passed ************************
04/03/2023 07:13:30 PM: INFO: ************************ Verifying Login Home Page: Passed ************************
04/03/2023 07:15:02 PM: INFO: -----> Execution of TC
04/03/2023 07:15:03 PM: INFO: ************************ Test_001_Login ************************
04/03/2023 07:15:03 PM: INFO: ************************ Verifying Home Page Title ************************
04/03/2023 07:15:04 PM: INFO: ************************ Verifying Home Page Title: Passed ************************
04/03/2023 07:15:05 PM: INFO: ************************ Test_001_Login ************************
04/03/2023 07:15:05 PM: INFO: ************************ Verifying Login Home Page ************************
04/03/2023 07:15:06 PM: ERROR: ************************ Verifying Login Home Page: Failed ************************
04/03/2023 07:22:07 PM: INFO: -----> Execution of TC
04/03/2023 07:22:09 PM: INFO: ************************ Test_001_Login ************************
04/03/2023 07:22:09 PM: INFO: ************************ Verifying Login Home Page ************************
04/03/2023 07:22:10 PM: ERROR: ************************ Verifying Login Home Page: Failed ************************
04/03/2023 07:24:33 PM: INFO: -----> Execution of TC
04/03/2023 07:25:10 PM: INFO: -----> Execution of TC
04/03/2023 07:27:21 PM: INFO: -----> Execution of TC
04/03/2023 07:28:04 PM: INFO: -----> Execution of TC
04/03/2023 07:29:45 PM: INFO: -----> Execution of TC
04/03/2023 07:31:18 PM: INFO: -----> Execution of TC
04/03/2023 07:31:19 PM: INFO: ************************ Test_001_Login ************************
04/03/2023 07:31:19 PM: INFO: ************************ Verifying Login Home Page ************************
04/03/2023 07:31:20 PM: ERROR: ************************ Verifying Login Home Page: Failed ************************
04/03/2023 07:32:57 PM: INFO: -----> Execution of TC
04/03/2023 07:32:58 PM: INFO: ************************ Test_001_Login ************************
04/03/2023 07:32:58 PM: INFO: ************************ Verifying Login Home Page ************************
04/03/2023 07:32:59 PM: ERROR: ************************ Verifying Login Home Page: Failed ************************
04/03/2023 07:33:28 PM: INFO: -----> Execution of TC
04/03/2023 07:33:29 PM: INFO: ************************ Test_001_Login ************************
04/03/2023 07:33:29 PM: INFO: ************************ Verifying Login Home Page ************************
04/03/2023 07:33:31 PM: ERROR: ************************ Verifying Login Home Page: Failed ************************
04/03/2023 07:42:27 PM: INFO: -----> Execution of TC
04/03/2023 07:42:28 PM: INFO: ************************ Test_001_Login ************************
04/03/2023 07:42:28 PM: INFO: ************************ Verifying Login Home Page ************************
04/03/2023 07:42:29 PM: ERROR: ************************ Verifying Login Home Page: Failed ************************
04/03/2023 07:47:37 PM: INFO: -----> Execution of TC
04/03/2023 07:49:44 PM: INFO: -----> Execution of TC
04/03/2023 07:51:08 PM: INFO: -----> Execution of TC
04/03/2023 07:51:09 PM: INFO: ************************ Test_001_Login ************************
04/03/2023 07:51:09 PM: INFO: ************************ Verifying Login Home Page ************************
04/03/2023 07:51:11 PM: ERROR: ************************ Verifying Login Home Page: Failed ************************
04/04/2023 10:38:07 AM: INFO: -----> Execution of TC
04/04/2023 10:38:09 AM: INFO: ************************ Test_003_AddCustomer ************************
04/04/2023 10:38:14 AM: INFO: ************************ Loggin Succesful ************************
04/04/2023 10:38:14 AM: INFO: ************************ Begin Test_003_AddCustomer ************************
04/04/2023 10:38:18 AM: INFO: ************************ screen location 'Add customer' Succesful ************************
04/04/2023 10:38:18 AM: INFO: ************************ Starting Add Customer ************************
04/04/2023 10:38:27 AM: INFO: ************************ Saving Customer info ************************
04/04/2023 10:38:27 AM: INFO: ************************ Add Customer validation started ************************
04/04/2023 10:38:27 AM: INFO: ************************  ************************
04/04/2023 10:38:27 AM: INFO: ************************ Ending Test_003_AddCustomer TC ************************
04/04/2023 10:39:34 AM: INFO: -----> Execution of TC
04/04/2023 10:39:35 AM: INFO: ************************ Test_003_AddCustomer ************************
04/04/2023 10:39:41 AM: INFO: ************************ Loggin Succesful ************************
04/04/2023 10:39:41 AM: INFO: ************************ Begin Test_003_AddCustomer ************************
04/04/2023 10:39:44 AM: INFO: ************************ screen location 'Add customer' Succesful ************************
04/04/2023 10:39:44 AM: INFO: ************************ Starting Add Customer ************************
04/04/2023 10:39:54 AM: INFO: ************************ Saving Customer info ************************
04/04/2023 10:39:54 AM: INFO: ************************ Add Customer validation started ************************
04/04/2023 10:39:54 AM: INFO: ************************ Add customer test: Passed ************************
04/04/2023 10:39:54 AM: INFO: ************************ Ending Test_003_AddCustomer TC ************************
04/04/2023 10:40:38 AM: INFO: -----> Execution of TC
04/04/2023 10:40:43 AM: INFO: ************************ Test_003_AddCustomer ************************
04/04/2023 10:40:48 AM: INFO: ************************ Loggin Succesful ************************
04/04/2023 10:40:48 AM: INFO: ************************ Begin Test_003_AddCustomer ************************
04/04/2023 10:40:51 AM: INFO: ************************ screen location 'Add customer' Succesful ************************
04/04/2023 10:40:51 AM: INFO: ************************ Starting Add Customer ************************
04/04/2023 10:41:01 AM: INFO: ************************ Saving Customer info ************************
04/04/2023 10:41:01 AM: INFO: ************************ Add Customer validation started ************************
04/04/2023 10:41:01 AM: INFO: ************************ Add customer test: Passed ************************
04/04/2023 10:41:01 AM: INFO: ************************ Ending Test_003_AddCustomer TC ************************
04/04/2023 10:41:08 AM: INFO: -----> Execution of TC
04/04/2023 10:41:09 AM: INFO: ************************ Test_003_AddCustomer ************************
04/04/2023 10:41:21 AM: INFO: -----> Execution of TC
04/04/2023 10:41:26 AM: INFO: ************************ Test_003_AddCustomer ************************
04/04/2023 10:41:31 AM: INFO: ************************ Loggin Succesful ************************
04/04/2023 10:41:31 AM: INFO: ************************ Begin Test_003_AddCustomer ************************
04/04/2023 10:41:34 AM: INFO: ************************ screen location 'Add customer' Succesful ************************
04/04/2023 10:41:34 AM: INFO: ************************ Starting Add Customer ************************
04/04/2023 10:41:43 AM: INFO: ************************ Saving Customer info ************************
04/04/2023 10:41:43 AM: INFO: ************************ Add Customer validation started ************************
04/04/2023 10:41:44 AM: INFO: ************************ Add customer test: Passed ************************
04/04/2023 10:41:44 AM: INFO: ************************ Ending Test_003_AddCustomer TC ************************
04/04/2023 10:42:21 AM: INFO: -----> Execution of TC
04/04/2023 10:42:22 AM: INFO: ************************ Test_003_AddCustomer ************************
04/04/2023 10:42:29 AM: INFO: ************************ Loggin Succesful ************************
04/04/2023 10:42:29 AM: INFO: ************************ Begin Test_003_AddCustomer ************************
04/04/2023 10:42:33 AM: INFO: ************************ screen location 'Add customer' Succesful ************************
04/04/2023 10:42:33 AM: INFO: ************************ Starting Add Customer ************************
04/04/2023 10:42:43 AM: INFO: ************************ Saving Customer info ************************
04/04/2023 10:42:43 AM: INFO: ************************ Add Customer validation started ************************
04/04/2023 10:42:43 AM: INFO: ************************ Add customer test: Passed ************************
04/04/2023 10:42:43 AM: INFO: ************************ Ending Test_003_AddCustomer TC ************************
